This file contains any messages produced by compilers while
running configure, to aid debugging if configure makes a mistake.

It was created by manpages-zh configure 1.5.1, which was
generated by GNU Autoconf 2.61.  Invocation command line was

  $ ./configure --disable-zhtw --prefix=/usr/local/zhman

## --------- ##
## Platform. ##
## --------- ##

hostname = VM-0-4-centos
uname -m = x86_64
uname -r = 3.10.0-1160.11.1.el7.x86_64
uname -s = Linux
uname -v = #1 SMP Fri Dec 18 16:34:56 UTC 2020

/usr/bin/uname -p = x86_64
/bin/uname -X     = unknown

/bin/arch              = x86_64
/usr/bin/arch -k       = unknown
/usr/convex/getsysinfo = unknown
/usr/bin/hostinfo      = unknown
/bin/machine           = unknown
/usr/bin/oslevel       = unknown
/bin/universe          = unknown

PATH: /usr/local/sbin
PATH: /usr/local/bin
PATH: /usr/sbin
PATH: /usr/bin
PATH: /root/bin


## ----------- ##
## Core tests. ##
## ----------- ##

configure:1712: checking for a BSD-compatible install
configure:1768: result: /usr/bin/install -c
configure:1779: checking whether build environment is sane
configure:1822: result: yes
configure:1850: checking for a thread-safe mkdir -p
configure:1889: result: /usr/bin/mkdir -p
configure:1902: checking for gawk
configure:1918: found /usr/bin/gawk
configure:1929: result: gawk
configure:1940: checking whether make sets $(MAKE)
configure:1961: result: yes
configure:2149: checking whether to enable maintainer-specific portions of Makefiles
configure:2158: result: no
configure:2513: creating ./config.status

## ---------------------- ##
## Running config.status. ##
## ---------------------- ##

This file was extended by manpages-zh config.status 1.5.1, which was
generated by GNU Autoconf 2.61.  Invocation command line was

  CONFIG_FILES    = 
  CONFIG_HEADERS  = 
  CONFIG_LINKS    = 
  CONFIG_COMMANDS = 
  $ ./config.status 

on VM-0-4-centos

config.status:628: creating Makefile
config.status:628: creating DOCS/Makefile
config.status:628: creating src/Makefile
config.status:628: creating src/man1/Makefile
config.status:628: creating src/man1/zh_CN/Makefile
config.status:628: creating src/man1/zh_TW/Makefile
config.status:628: creating src/man2/Makefile
config.status:628: creating src/man2/zh_CN/Makefile
config.status:628: creating src/man2/zh_TW/Makefile
config.status:628: creating src/man3/Makefile
config.status:628: creating src/man3/zh_CN/Makefile
config.status:628: creating src/man3/zh_TW/Makefile
config.status:628: creating src/man4/Makefile
config.status:628: creating src/man4/zh_CN/Makefile
config.status:628: creating src/man4/zh_TW/Makefile
config.status:628: creating src/man5/Makefile
config.status:628: creating src/man5/zh_CN/Makefile
config.status:628: creating src/man5/zh_TW/Makefile
config.status:628: creating src/man6/Makefile
config.status:628: creating src/man6/zh_CN/Makefile
config.status:628: creating src/man6/zh_TW/Makefile
config.status:628: creating src/man7/Makefile
config.status:628: creating src/man7/zh_CN/Makefile
config.status:628: creating src/man7/zh_TW/Makefile
config.status:628: creating src/man8/Makefile
config.status:628: creating src/man8/zh_CN/Makefile
config.status:628: creating src/man8/zh_TW/Makefile
config.status:628: creating src/mann/Makefile
config.status:628: creating src/mann/zh_CN/Makefile
config.status:628: creating src/mann/zh_TW/Makefile
config.status:628: creating utils/Makefile

## ---------------- ##
## Cache variables. ##
## ---------------- ##

ac_cv_env_build_alias_set=
ac_cv_env_build_alias_value=
ac_cv_env_host_alias_set=
ac_cv_env_host_alias_value=
ac_cv_env_target_alias_set=
ac_cv_env_target_alias_value=
ac_cv_path_install='/usr/bin/install -c'
ac_cv_path_mkdir=/usr/bin/mkdir
ac_cv_prog_AWK=gawk
ac_cv_prog_make_make_set=yes

## ----------------- ##
## Output variables. ##
## ----------------- ##

ACLOCAL='${SHELL} /root/21_day/manpages-zh-1.5.1/missing --run aclocal-1.10'
AMTAR='${SHELL} /root/21_day/manpages-zh-1.5.1/missing --run tar'
AUTOB5=''
AUTOCONF='${SHELL} /root/21_day/manpages-zh-1.5.1/missing --run autoconf'
AUTOHEADER='${SHELL} /root/21_day/manpages-zh-1.5.1/missing --run autoheader'
AUTOMAKE='${SHELL} /root/21_day/manpages-zh-1.5.1/missing --run automake-1.10'
AWK='gawk'
CYGPATH_W='echo'
DEFS='-DPACKAGE_NAME=\"manpages-zh\" -DPACKAGE_TARNAME=\"manpages-zh\" -DPACKAGE_VERSION=\"1.5.1\" -DPACKAGE_STRING=\"manpages-zh\ 1.5.1\" -DPACKAGE_BUGREPORT=\"http://code.google.com/p/manpages-zh/issues/list\" -DPACKAGE=\"manpages-zh\" -DVERSION=\"1.5.1\"'
ECHO_C=''
ECHO_N='-n'
ECHO_T=''
ICONV=''
INSTALL_DATA='${INSTALL} -m 644'
INSTALL_PROGRAM='${INSTALL}'
INSTALL_SCRIPT='${INSTALL}'
INSTALL_STRIP_PROGRAM='$(install_sh) -c -s'
LIBOBJS=''
LIBS=''
LTLIBOBJS=''
MAINT='#'
MAINTAINER_MODE_FALSE=''
MAINTAINER_MODE_TRUE='#'
MAKEINFO='${SHELL} /root/21_day/manpages-zh-1.5.1/missing --run makeinfo'
PACKAGE='manpages-zh'
PACKAGE_BUGREPORT='http://code.google.com/p/manpages-zh/issues/list'
PACKAGE_NAME='manpages-zh'
PACKAGE_STRING='manpages-zh 1.5.1'
PACKAGE_TARNAME='manpages-zh'
PACKAGE_VERSION='1.5.1'
PATH_SEPARATOR=':'
PERL=''
SET_MAKE=''
SHELL='/bin/sh'
STRIP=''
UTF8_FALSE='#'
UTF8_TRUE=''
VERSION='1.5.1'
am__isrc=''
am__leading_dot='.'
am__tar='${AMTAR} chof - "$$tardir"'
am__untar='${AMTAR} xf -'
bindir='${exec_prefix}/bin'
build_alias=''
datadir='${datarootdir}'
datarootdir='${prefix}/share'
docdir='${datarootdir}/doc/${PACKAGE_TARNAME}'
dvidir='${docdir}'
exec_prefix='${prefix}'
host_alias=''
htmldir='${docdir}'
includedir='${prefix}/include'
infodir='${datarootdir}/info'
install_sh='$(SHELL) /root/21_day/manpages-zh-1.5.1/install-sh'
libdir='${exec_prefix}/lib'
libexecdir='${exec_prefix}/libexec'
localedir='${datarootdir}/locale'
localstatedir='${prefix}/var'
mandir='${datarootdir}/man'
mkdir_p='/usr/bin/mkdir -p'
oldincludedir='/usr/include'
pdfdir='${docdir}'
prefix='/usr/local/zhman'
program_transform_name='s,x,x,'
psdir='${docdir}'
sbindir='${exec_prefix}/sbin'
sharedstatedir='${prefix}/com'
sysconfdir='${prefix}/etc'
target_alias=''
zh_CN='zh_CN'
zh_TW=''

## ----------- ##
## confdefs.h. ##
## ----------- ##

#define PACKAGE_NAME "manpages-zh"
#define PACKAGE_TARNAME "manpages-zh"
#define PACKAGE_VERSION "1.5.1"
#define PACKAGE_STRING "manpages-zh 1.5.1"
#define PACKAGE_BUGREPORT "http://code.google.com/p/manpages-zh/issues/list"
#define PACKAGE "manpages-zh"
#define VERSION "1.5.1"

configure: exit 0
